<?xml version="1.0" encoding="UTF-8"?>
<!-- Generated by org.testng.reporters.JUnitXMLReporter -->
<testsuite ignored="1" hostname="DESKTOP-A71PO2S" failures="0" tests="1" name="Default test" time="39.375" errors="0" timestamp="2022-04-23T18:05:36 IST">
  <testcase classname="com.testing.playwright.ShadowDomElement" name="iframeShadowDom" time="39.344"/>
  <testcase classname="com.testing.playwright.ShadowDomElement" name="shadowDom" time="0.0">
    <ignored/>
  </testcase> <!-- shadowDom -->
</testsuite> <!-- Default test -->
